<?xml version="1.0" encoding="UTF-8"?>
<!-- Generated by org.testng.reporters.JUnitReportReporter -->
<testsuite hostname="vkarthik1-lp" failures="0" tests="3" name="RSCourse_Library.RSLibrary_AddBook" time="2.853" errors="0" timestamp="2022-09-20T02:20:30 IST" skipped="0">
  <testcase classname="RSCourse_Library.RSLibrary_AddBook" name="apiAddNewBook" time="2.114"/>
  <system-out/>
  <testcase classname="RSCourse_Library.RSLibrary_AddBook" name="apiAddNewBook" time="0.345"/>
  <system-out/>
  <testcase classname="RSCourse_Library.RSLibrary_AddBook" name="apiAddNewBook" time="0.394"/>
  <system-out/>
</testsuite> <!-- RSCourse_Library.RSLibrary_AddBook -->
