<?xml version="1.0" encoding="UTF-8"?>
<!-- Generated by org.testng.reporters.JUnitReportReporter -->
<testsuite hostname="vkarthik1-lp" failures="0" tests="3" name="APIDataStore.Sample" time="0.014" errors="0" timestamp="2022-09-21T08:04:30 IST" skipped="1">
  <testcase classname="APIDataStore.Sample" name="Me2" time="0.013"/>
  <system-out/>
  <testcase classname="APIDataStore.Sample" name="Me3" time="0.001"/>
  <system-out/>
  <testcase classname="APIDataStore.Sample" name="Me1">
    <skipped/>
  </testcase> <!-- Me1 -->
  <system-out/>
</testsuite> <!-- APIDataStore.Sample -->
