<?xml version="1.0" encoding="UTF-8"?>
<!-- Generated by org.testng.reporters.JUnitReportReporter -->
<testsuite hostname="vkarthik1-lp" failures="0" tests="1" name="RSCourse_ECommerce.TestRunner" time="4.447" errors="0" timestamp="2022-09-24T16:39:22 IST" skipped="0">
  <testcase classname="RSCourse_ECommerce.TestRunner" name="ExecutionFlow" time="4.447"/>
  <system-out/>
</testsuite> <!-- RSCourse_ECommerce.TestRunner -->
